<?xml version="1.0" encoding="UTF-8" ?>
<testsuite errors="0" failures="1" hostname="DESKTOP-J4K6MPK" name="com.allendowney.javacs.WikiSearchTest" skipped="0" tests="4" time="0.142" timestamp="2025-12-19T05:20:13">
  <properties>
[...]
</properties>
  <testcase classname="com.allendowney.javacs.WikiSearchTest" name="testAnd" time="0.007" />
  <testcase classname="com.allendowney.javacs.WikiSearchTest" name="testMinus" time="0.0" />
  <testcase classname="com.allendowney.javacs.WikiSearchTest" name="testSort" time="0.007">
    <failure message="&#xa;Expected: is &lt;4&gt;&#xa;     but: was &lt;7&gt;" type="junit.framework.AssertionFailedError">junit.framework.AssertionFailedError: 
Expected: is &lt;4&gt;
     but: was &lt;7&gt;
	at org.hamcrest.MatcherAssert.assertThat(MatcherAssert.java:20)
	at com.allendowney.javacs.WikiSearchTest.testSort(WikiSearchTest.java:86)
	at java.base/jdk.internal.reflect.DirectMethodHandleAccessor.invoke(DirectMethodHandleAccessor.java:104)
</failure>
  </testcase>
  <testcase classname="com.allendowney.javacs.WikiSearchTest" name="testOr" time="0.002" />
  <system-out><![CDATA[]]></system-out>
  <system-err><![CDATA[]]></system-err>
</testsuite>
